Adding demo user: ywp@demo.com
Adding demo user: fof@demo.com
Adding demo user: nr@demo.com
Adding demo user: custom@demo.com
Getting asset class summary for: ywp@demo.com -- 1
Adding demo user: ywp@demo.com
Adding demo user: fof@demo.com
Adding demo user: nr@demo.com
Adding demo user: custom@demo.com
Adding demo user: ywp@demo.com
Adding demo user: fof@demo.com
Adding demo user: nr@demo.com
Adding demo user: custom@demo.com
Getting asset class summary for: ywp@demo.com -- 1
Getting asset class summary for: ywp@demo.com -- 1
Adding demo user: ywp@demo.com
Adding demo user: fof@demo.com
Adding demo user: nr@demo.com
Adding demo user: custom@demo.com
Adding demo user: ywp@demo.com
Adding demo user: fof@demo.com
Adding demo user: nr@demo.com
Adding demo user: custom@demo.com
Getting asset class summary for: ywp@demo.com -- 1
Getting asset class summary for: ywp@demo.com -- 1
Getting asset class summary for: ywp@demo.com -- 1
SQL Alchemy loaded
SQL Alchemy loaded
SQL Alchemy loaded
SQL Alchemy loaded
SQL Alchemy loaded
SQL Alchemy loaded
Adding demo user: ywp@demo.com
Adding demo user: fof@demo.com
Adding demo user: nr@demo.com
Adding demo user: custom@demo.com
Getting user account summary for: ywp@demo.com -- 1
Getting asset class summary for: ywp@demo.com -- 1
SQL Alchemy loaded
